#
# There is insufficient memory for the Java Runtime Environment to continue.
# Native memory allocation (mmap) failed to map 257949696 bytes for G1 virtual space
# Possible reasons:
#   The system is out of physical RAM or swap space
#   The process is running with CompressedOops enabled, and the Java Heap may be blocking the growth of the native heap
# Possible solutions:
#   Reduce memory load on the system
#   Increase physical memory or swap space
#   Check if swap backing store is full
#   Decrease Java heap size (-Xmx/-Xms)
#   Decrease number of Java threads
#   Decrease Java thread stack sizes (-Xss)
#   Set larger code cache with -XX:ReservedCodeCacheSize=
#   JVM is running with Zero Based Compressed Oops mode in which the Java heap is
#     placed in the first 32GB address space. The Java Heap base address is the
#     maximum limit for the native heap growth. Please use -XX:HeapBaseMinAddress
#     to set the Java Heap base and to place the Java Heap above 32GB virtual address.
# This output file may be truncated or incomplete.
#
#  Out of Memory Error (os_windows.cpp:3617), pid=17316, tid=23996
#
# JRE version:  (17.0.8.1+1) (build )
# Java VM: OpenJDK 64-Bit Server VM (17.0.8.1+1-LTS, mixed mode, sharing, tiered, compressed oops, compressed class ptrs, g1 gc, windows-amd64)
# No core dump will be written. Minidumps are not enabled by default on client versions of Windows
#

---------------  S U M M A R Y ------------

Command Line: 

Host: AMD Ryzen 3 5300U with Radeon Graphics         , 8 cores, 15G,  Windows 10 , 64 bit Build 19041 (10.0.19041.3636)
Time: Tue May 28 11:43:36 2024 Russia TZ 2 Standard Time elapsed time: 0.074042 seconds (0d 0h 0m 0s)

---------------  T H R E A D  ---------------

Current thread (0x0000029a5869f3f0):  JavaThread "Unknown thread" [_thread_in_vm, id=23996, stack(0x000000e0ee200000,0x000000e0ee300000)]

Stack: [0x000000e0ee200000,0x000000e0ee300000]
Native frames: (J=compiled Java code, j=interpreted, Vv=VM code, C=native code)
V  [jvm.dll+0x67bf3a]
V  [jvm.dll+0x83a024]
V  [jvm.dll+0x83b7ce]
V  [jvm.dll+0x83be33]
V  [jvm.dll+0x24785f]
V  [jvm.dll+0x678cb9]
V  [jvm.dll+0x66d54a]
V  [jvm.dll+0x308feb]
V  [jvm.dll+0x310496]
V  [jvm.dll+0x36019e]
V  [jvm.dll+0x3603cf]
V  [jvm.dll+0x2dff38]
V  [jvm.dll+0x2e0ea4]
V  [jvm.dll+0x80bca1]
V  [jvm.dll+0x36df61]
V  [jvm.dll+0x7eafac]
V  [jvm.dll+0x3f0c8f]
V  [jvm.dll+0x3f28a1]
C  [jli.dll+0x528f]
C  [ucrtbase.dll+0x21bb2]
C  [KERNEL32.DLL+0x17344]
C  [ntdll.dll+0x526b1]


---------------  P R O C E S S  ---------------

Threads class SMR info:
_java_thread_list=0x00007ff8c6a33058, length=0, elements={
}

Java Threads: ( => current thread )

Other Threads:
  0x0000029a58708340 GCTaskThread "GC Thread#0" [stack: 0x000000e0ee300000,0x000000e0ee400000] [id=17504]
  0x0000029a5871a000 ConcurrentGCThread "G1 Main Marker" [stack: 0x000000e0ee400000,0x000000e0ee500000] [id=27724]
  0x0000029a5871aa10 ConcurrentGCThread "G1 Conc#0" [stack: 0x000000e0ee500000,0x000000e0ee600000] [id=19204]

[error occurred during error reporting (printing all threads), id 0xc0000005, EXCEPTION_ACCESS_VIOLATION (0xc0000005) at pc=0x00007ff8c61f0927]

VM state: not at safepoint (not fully initialized)

VM Mutex/Monitor currently owned by a thread:  ([mutex/lock_event])
[0x0000029a5869a620] Heap_lock - owner thread: 0x0000029a5869f3f0

Heap address: 0x000000070a400000, size: 3932 MB, Compressed Oops mode: Zero based, Oop shift amount: 3

CDS archive(s) mapped at: [0x0000000000000000-0x0000000000000000-0x0000000000000000), size 0, SharedBaseAddress: 0x0000000800000000, ArchiveRelocationMode: 1.
Narrow klass base: 0x0000000000000000, Narrow klass shift: 0, Narrow klass range: 0x0

GC Precious Log:
<Empty>

Heap:
 garbage-first heap   total 0K, used 0K [0x000000070a400000, 0x0000000800000000)
  region size 2048K, 0 young (0K), 0 survivors (0K)

[error occurred during error reporting (printing heap information), id 0xc0000005, EXCEPTION_ACCESS_VIOLATION (0xc0000005) at pc=0x00007ff8c65d5fc9]

GC Heap History (0 events):
No events

Dll operation events (1 events):
Event: 0.057 Loaded shared library C:\Program Files (x86)\Android\openjdk\jdk-17.0.8.101-hotspot\bin\java.dll

Deoptimization events (0 events):
No events

Classes unloaded (0 events):
No events

Classes redefined (0 events):
No events

Internal exceptions (0 events):
No events

VM Operations (0 events):
No events

Events (0 events):
No events


Dynamic libraries:
0x00007ff7c90c0000 - 0x00007ff7c90ce000 	C:\Program Files (x86)\Android\openjdk\jdk-17.0.8.101-hotspot\bin\java.exe
0x00007ff9f84b0000 - 0x00007ff9f86a8000 	C:\Windows\SYSTEM32\ntdll.dll
0x00007ff9f7aa0000 - 0x00007ff9f7b5d000 	C:\Windows\System32\KERNEL32.DLL
0x00007ff9f60b0000 - 0x00007ff9f63a6000 	C:\Windows\System32\KERNELBASE.dll
0x00007ff9f63e0000 - 0x00007ff9f64e0000 	C:\Windows\System32\ucrtbase.dll
0x00007ff9c4790000 - 0x00007ff9c47a7000 	C:\Program Files (x86)\Android\openjdk\jdk-17.0.8.101-hotspot\bin\jli.dll
0x00007ff9c4770000 - 0x00007ff9c478b000 	C:\Program Files (x86)\Android\openjdk\jdk-17.0.8.101-hotspot\bin\VCRUNTIME140.dll
0x00007ff9f82d0000 - 0x00007ff9f846f000 	C:\Windows\System32\USER32.dll
0x00007ff9f5de0000 - 0x00007ff9f5e02000 	C:\Windows\System32\win32u.dll
0x00007ff9d7090000 - 0x00007ff9d732a000 	C:\Windows\WinSxS\amd64_microsoft.windows.common-controls_6595b64144ccf1df_6.0.19041.4355_none_60b8b9eb71f62e16\COMCTL32.dll
0x00007ff9f6d70000 - 0x00007ff9f6d9b000 	C:\Windows\System32\GDI32.dll
0x00007ff9f7a00000 - 0x00007ff9f7a9e000 	C:\Windows\System32\msvcrt.dll
0x00007ff9f5b60000 - 0x00007ff9f5c77000 	C:\Windows\System32\gdi32full.dll
0x00007ff9f5fc0000 - 0x00007ff9f605d000 	C:\Windows\System32\msvcp_win.dll
0x00007ff9f6590000 - 0x00007ff9f65c2000 	C:\Windows\System32\IMM32.DLL
0x00007ff9eea10000 - 0x00007ff9eea1c000 	C:\Program Files (x86)\Android\openjdk\jdk-17.0.8.101-hotspot\bin\vcruntime140_1.dll
0x00007ff8c6b70000 - 0x00007ff8c6bfd000 	C:\Program Files (x86)\Android\openjdk\jdk-17.0.8.101-hotspot\bin\msvcp140.dll
0x00007ff8c5f00000 - 0x00007ff8c6b65000 	C:\Program Files (x86)\Android\openjdk\jdk-17.0.8.101-hotspot\bin\server\jvm.dll
0x00007ff9f64e0000 - 0x00007ff9f6590000 	C:\Windows\System32\ADVAPI32.dll
0x00007ff9f65e0000 - 0x00007ff9f6680000 	C:\Windows\System32\sechost.dll
0x00007ff9f6c40000 - 0x00007ff9f6d63000 	C:\Windows\System32\RPCRT4.dll
0x00007ff9f63b0000 - 0x00007ff9f63d7000 	C:\Windows\System32\bcrypt.dll
0x00007ff9f59b0000 - 0x00007ff9f59fb000 	C:\Windows\SYSTEM32\POWRPROF.dll
0x00007ff96f190000 - 0x00007ff96f199000 	C:\Windows\SYSTEM32\WSOCK32.dll
0x00007ff9efe50000 - 0x00007ff9efe5a000 	C:\Windows\SYSTEM32\VERSION.dll
0x00007ff9ef820000 - 0x00007ff9ef847000 	C:\Windows\SYSTEM32\WINMM.dll
0x00007ff9f78a0000 - 0x00007ff9f790b000 	C:\Windows\System32\WS2_32.dll
0x00007ff9f5990000 - 0x00007ff9f59a2000 	C:\Windows\SYSTEM32\UMPDC.dll
0x00007ff9f39e0000 - 0x00007ff9f39f2000 	C:\Windows\SYSTEM32\kernel.appcore.dll
0x00007ff9eb930000 - 0x00007ff9eb93a000 	C:\Program Files (x86)\Android\openjdk\jdk-17.0.8.101-hotspot\bin\jimage.dll
0x00007ff9eab90000 - 0x00007ff9ead74000 	C:\Windows\SYSTEM32\DBGHELP.DLL
0x00007ff9e7fe0000 - 0x00007ff9e8014000 	C:\Windows\SYSTEM32\dbgcore.DLL
0x00007ff9f5f30000 - 0x00007ff9f5fb2000 	C:\Windows\System32\bcryptPrimitives.dll
0x00007ff9c4610000 - 0x00007ff9c4635000 	C:\Program Files (x86)\Android\openjdk\jdk-17.0.8.101-hotspot\bin\java.dll

dbghelp: loaded successfully - version: 4.0.5 - missing functions: none
symbol engine: initialized successfully - sym options: 0x614 - pdb path: .;C:\Program Files (x86)\Android\openjdk\jdk-17.0.8.101-hotspot\bin;C:\Windows\SYSTEM32;C:\Windows\WinSxS\amd64_microsoft.windows.common-controls_6595b64144ccf1df_6.0.19041.4355_none_60b8b9eb71f62e16;C:\Program Files (x86)\Android\openjdk\jdk-17.0.8.101-hotspot\bin\server

VM Arguments:
java_command: <unknown>
java_class_path (initial): <not set>
Launcher Type: SUN_STANDARD

[Global flags]
     intx CICompilerCount                          = 4                                         {product} {ergonomic}
     uint ConcGCThreads                            = 2                                         {product} {ergonomic}
     uint G1ConcRefinementThreads                  = 8                                         {product} {ergonomic}
   size_t G1HeapRegionSize                         = 2097152                                   {product} {ergonomic}
    uintx GCDrainStackTargetSize                   = 64                                        {product} {ergonomic}
   size_t InitialHeapSize                          = 257949696                                 {product} {ergonomic}
   size_t MarkStackSize                            = 4194304                                   {product} {ergonomic}
   size_t MaxHeapSize                              = 4123000832                                {product} {ergonomic}
   size_t MinHeapDeltaBytes                        = 2097152                                   {product} {ergonomic}
   size_t MinHeapSize                              = 8388608                                   {product} {ergonomic}
    uintx NonNMethodCodeHeapSize                   = 5839372                                {pd product} {ergonomic}
    uintx NonProfiledCodeHeapSize                  = 122909434                              {pd product} {ergonomic}
    uintx ProfiledCodeHeapSize                     = 122909434                              {pd product} {ergonomic}
    uintx ReservedCodeCacheSize                    = 251658240                              {pd product} {ergonomic}
     bool SegmentedCodeCache                       = true                                      {product} {ergonomic}
   size_t SoftMaxHeapSize                          = 4123000832                             {manageable} {ergonomic}
     bool UseCompressedClassPointers               = true                           {product lp64_product} {ergonomic}
     bool UseCompressedOops                        = true                           {product lp64_product} {ergonomic}
     bool UseG1GC                                  = true                                      {product} {ergonomic}
     bool UseLargePagesIndividualAllocation        = false                                  {pd product} {ergonomic}

Logging:
Log output configuration:
 #0: stdout all=warning uptime,level,tags
 #1: stderr all=off uptime,level,tags

Environment Variables:
PATH=C:\Program Files (x86)\Android\openjdk\jdk-17.0.8.101-hotspot\bin;C:\Python312\Scripts\;C:\Python312\;C:\Program Files (x86)\Common Files\Intel\Shared Libraries\redist\intel64\compiler;C:\Windows\system32;C:\Windows;C:\Windows\System32\Wbem;C:\Windows\System32\WindowsPowerShell\v1.0\;C:\Windows\System32\OpenSSH\;C:\Users\Hi-tech\AppData\Local\Programs\Python\Python311;C:\Users\Hi-tech\AppData\Local\Programs\Python\Python311\Scripts;C:\Program Files\dotnet\;C:\Program Files\Microsoft SQL Server\150\Tools\Binn\;C:\Program Files\Microsoft SQL Server\Client SDK\ODBC\170\Tools\Binn\;C:\Program Files\nodejs\;C:\ProgramData\chocolatey\bin;C:\Users\Hi-tech\AppData\Local\Microsoft\WindowsApps;C:\Users\Hi-tech\AppData\Local\Programs\Microsoft VS Code\bin;C:\Users\Hi-tech\ffmpeg\bin;C:\Users\Hi-tech\AppData\Local\GitHubDesktop\bin;C:\Users\Hi-tech\.dotnet\tools;C:\Users\Hi-tech\AppData\Roaming\npm
USERNAME=Hi-tech
OS=Windows_NT
PROCESSOR_IDENTIFIER=AMD64 Family 23 Model 104 Stepping 1, AuthenticAMD
TMP=C:\Users\Hi-tech\AppData\Local\Temp
TEMP=C:\Users\Hi-tech\AppData\Local\Temp



---------------  S Y S T E M  ---------------

OS:
 Windows 10 , 64 bit Build 19041 (10.0.19041.3636)
OS uptime: 4 days 16:15 hours

CPU: total 8 (initial active 8) (8 cores per cpu, 2 threads per core) family 23 model 104 stepping 1 microcode 0x0, cx8, cmov, fxsr, ht, mmx, 3dnowpref, sse, sse2, sse3, ssse3, sse4a, sse4.1, sse4.2, popcnt, lzcnt, tsc, tscinvbit, avx, avx2, aes, clmul, bmi1, bmi2, adx, sha, fma, vzeroupper, clflush, clflushopt
Processor Information for all 8 processors :
  Max Mhz: 2600, Current Mhz: 2600, Mhz Limit: 2600

Memory: 4k page, system-wide physical 15722M (2910M free)
TotalPageFile size 18583M (AvailPageFile size 82M)
current process WorkingSet (physical memory assigned to process): 10M, peak: 10M
current process commit charge ("private bytes"): 60M, peak: 306M

vm_info: OpenJDK 64-Bit Server VM (17.0.8.1+1-LTS) for windows-amd64 JRE (17.0.8.1+1-LTS), built on Aug 23 2023 17:38:52 by "MicrosoftCorporation" with MS VC++ 16.10 / 16.11 (VS2019)

END.
